[2024-12-14 10:49:14] production.ERROR: The C:\Users\kzyro\OneDrive\Documents\GitHub\Dental-Clinic-Appointment-System\Dental Clinic Appointment System\bootstrap\cache directory must be present and writable. {"exception":"[object] (Exception(code: 0): The C:\\Users\\kzyro\\OneDrive\\Documents\\GitHub\\Dental-Clinic-Appointment-System\\Dental Clinic Appointment System\\bootstrap\\cache directory must be present and writable. at C:\\Users\\kzyro\\OneDrive\\Documents\\GitHub\\Dental-Clinic-Appointment-System\\Dental Clinic Appointment System\\vendor\\laravel\\framework\\src\\Illuminate\\Foundation\\PackageManifest.php:178)
[stacktrace]
#0 C:\\Users\\kzyro\\OneDrive\\Documents\\GitHub\\Dental-Clinic-Appointment-System\\Dental Clinic Appointment System\\vendor\\laravel\\framework\\src\\Illuminate\\Foundation\\PackageManifest.php(131): Illuminate\\Foundation\\PackageManifest->write(Array)
#1 C:\\Users\\kzyro\\OneDrive\\Documents\\GitHub\\Dental-Clinic-Appointment-System\\Dental Clinic Appointment System\\vendor\\laravel\\framework\\src\\Illuminate\\Foundation\\PackageManifest.php(107): Illuminate\\Foundation\\PackageManifest->build()
#2 C:\\Users\\kzyro\\OneDrive\\Documents\\GitHub\\Dental-Clinic-Appointment-System\\Dental Clinic Appointment System\\vendor\\laravel\\framework\\src\\Illuminate\\Foundation\\PackageManifest.php(90): Illuminate\\Foundation\\PackageManifest->getManifest()
#3 C:\\Users\\kzyro\\OneDrive\\Documents\\GitHub\\Dental-Clinic-Appointment-System\\Dental Clinic Appointment System\\vendor\\laravel\\framework\\src\\Illuminate\\Foundation\\PackageManifest.php(79): Illuminate\\Foundation\\PackageManifest->config('aliases')
#4 C:\\Users\\kzyro\\OneDrive\\Documents\\GitHub\\Dental-Clinic-Appointment-System\\Dental Clinic Appointment System\\vendor\\laravel\\framework\\src\\Illuminate\\Foundation\\Bootstrap\\RegisterFacades.php(26): Illuminate\\Foundation\\PackageManifest->aliases()
#5 C:\\Users\\kzyro\\OneDrive\\Documents\\GitHub\\Dental-Clinic-Appointment-System\\Dental Clinic Appointment System\\vendor\\laravel\\framework\\src\\Illuminate\\Foundation\\Application.php(316): Illuminate\\Foundation\\Bootstrap\\RegisterFacades->bootstrap(Object(Illuminate\\Foundation\\Application))
#6 C:\\Users\\kzyro\\OneDrive\\Documents\\GitHub\\Dental-Clinic-Appointment-System\\Dental Clinic Appointment System\\vendor\\laravel\\framework\\src\\Illuminate\\Foundation\\Console\\Kernel.php(473): Illuminate\\Foundation\\Application->bootstrapWith(Array)
#7 C:\\Users\\kzyro\\OneDrive\\Documents\\GitHub\\Dental-Clinic-Appointment-System\\Dental Clinic Appointment System\\vendor\\laravel\\framework\\src\\Illuminate\\Foundation\\Console\\Kernel.php(195): Illuminate\\Foundation\\Console\\Kernel->bootstrap()
#8 C:\\Users\\kzyro\\OneDrive\\Documents\\GitHub\\Dental-Clinic-Appointment-System\\Dental Clinic Appointment System\\vendor\\laravel\\framework\\src\\Illuminate\\Foundation\\Application.php(1203): Illuminate\\Foundation\\Console\\Kernel->handle(Object(Symfony\\Component\\Console\\Input\\ArgvInput), Object(Symfony\\Component\\Console\\Output\\ConsoleOutput))
#9 C:\\Users\\kzyro\\OneDrive\\Documents\\GitHub\\Dental-Clinic-Appointment-System\\Dental Clinic Appointment System\\artisan(13): Illuminate\\Foundation\\Application->handleCommand(Object(Symfony\\Component\\Console\\Input\\ArgvInput))
#10 {main}
"} 
[2024-12-14 10:50:32] production.ERROR: The C:\Users\kzyro\OneDrive\Documents\GitHub\Dental-Clinic-Appointment-System\Dental Clinic Appointment System\bootstrap\cache directory must be present and writable. {"exception":"[object] (Exception(code: 0): The C:\\Users\\kzyro\\OneDrive\\Documents\\GitHub\\Dental-Clinic-Appointment-System\\Dental Clinic Appointment System\\bootstrap\\cache directory must be present and writable. at C:\\Users\\kzyro\\OneDrive\\Documents\\GitHub\\Dental-Clinic-Appointment-System\\Dental Clinic Appointment System\\vendor\\laravel\\framework\\src\\Illuminate\\Foundation\\PackageManifest.php:178)
[stacktrace]
#0 C:\\Users\\kzyro\\OneDrive\\Documents\\GitHub\\Dental-Clinic-Appointment-System\\Dental Clinic Appointment System\\vendor\\laravel\\framework\\src\\Illuminate\\Foundation\\PackageManifest.php(131): Illuminate\\Foundation\\PackageManifest->write(Array)
#1 C:\\Users\\kzyro\\OneDrive\\Documents\\GitHub\\Dental-Clinic-Appointment-System\\Dental Clinic Appointment System\\vendor\\laravel\\framework\\src\\Illuminate\\Foundation\\PackageManifest.php(107): Illuminate\\Foundation\\PackageManifest->build()
#2 C:\\Users\\kzyro\\OneDrive\\Documents\\GitHub\\Dental-Clinic-Appointment-System\\Dental Clinic Appointment System\\vendor\\laravel\\framework\\src\\Illuminate\\Foundation\\PackageManifest.php(90): Illuminate\\Foundation\\PackageManifest->getManifest()
#3 C:\\Users\\kzyro\\OneDrive\\Documents\\GitHub\\Dental-Clinic-Appointment-System\\Dental Clinic Appointment System\\vendor\\laravel\\framework\\src\\Illuminate\\Foundation\\PackageManifest.php(79): Illuminate\\Foundation\\PackageManifest->config('aliases')
#4 C:\\Users\\kzyro\\OneDrive\\Documents\\GitHub\\Dental-Clinic-Appointment-System\\Dental Clinic Appointment System\\vendor\\laravel\\framework\\src\\Illuminate\\Foundation\\Bootstrap\\RegisterFacades.php(26): Illuminate\\Foundation\\PackageManifest->aliases()
#5 C:\\Users\\kzyro\\OneDrive\\Documents\\GitHub\\Dental-Clinic-Appointment-System\\Dental Clinic Appointment System\\vendor\\laravel\\framework\\src\\Illuminate\\Foundation\\Application.php(316): Illuminate\\Foundation\\Bootstrap\\RegisterFacades->bootstrap(Object(Illuminate\\Foundation\\Application))
#6 C:\\Users\\kzyro\\OneDrive\\Documents\\GitHub\\Dental-Clinic-Appointment-System\\Dental Clinic Appointment System\\vendor\\laravel\\framework\\src\\Illuminate\\Foundation\\Console\\Kernel.php(473): Illuminate\\Foundation\\Application->bootstrapWith(Array)
#7 C:\\Users\\kzyro\\OneDrive\\Documents\\GitHub\\Dental-Clinic-Appointment-System\\Dental Clinic Appointment System\\vendor\\laravel\\framework\\src\\Illuminate\\Foundation\\Console\\Kernel.php(195): Illuminate\\Foundation\\Console\\Kernel->bootstrap()
#8 C:\\Users\\kzyro\\OneDrive\\Documents\\GitHub\\Dental-Clinic-Appointment-System\\Dental Clinic Appointment System\\vendor\\laravel\\framework\\src\\Illuminate\\Foundation\\Application.php(1203): Illuminate\\Foundation\\Console\\Kernel->handle(Object(Symfony\\Component\\Console\\Input\\ArgvInput), Object(Symfony\\Component\\Console\\Output\\ConsoleOutput))
#9 C:\\Users\\kzyro\\OneDrive\\Documents\\GitHub\\Dental-Clinic-Appointment-System\\Dental Clinic Appointment System\\artisan(13): Illuminate\\Foundation\\Application->handleCommand(Object(Symfony\\Component\\Console\\Input\\ArgvInput))
#10 {main}
"} 
[2024-12-14 10:50:32] production.ERROR: The C:\Users\kzyro\OneDrive\Documents\GitHub\Dental-Clinic-Appointment-System\Dental Clinic Appointment System\bootstrap\cache directory must be present and writable. {"exception":"[object] (Exception(code: 0): The C:\\Users\\kzyro\\OneDrive\\Documents\\GitHub\\Dental-Clinic-Appointment-System\\Dental Clinic Appointment System\\bootstrap\\cache directory must be present and writable. at C:\\Users\\kzyro\\OneDrive\\Documents\\GitHub\\Dental-Clinic-Appointment-System\\Dental Clinic Appointment System\\vendor\\laravel\\framework\\src\\Illuminate\\Foundation\\PackageManifest.php:178)
[stacktrace]
#0 C:\\Users\\kzyro\\OneDrive\\Documents\\GitHub\\Dental-Clinic-Appointment-System\\Dental Clinic Appointment System\\vendor\\laravel\\framework\\src\\Illuminate\\Foundation\\PackageManifest.php(131): Illuminate\\Foundation\\PackageManifest->write(Array)
#1 C:\\Users\\kzyro\\OneDrive\\Documents\\GitHub\\Dental-Clinic-Appointment-System\\Dental Clinic Appointment System\\vendor\\laravel\\framework\\src\\Illuminate\\Foundation\\PackageManifest.php(107): Illuminate\\Foundation\\PackageManifest->build()
#2 C:\\Users\\kzyro\\OneDrive\\Documents\\GitHub\\Dental-Clinic-Appointment-System\\Dental Clinic Appointment System\\vendor\\laravel\\framework\\src\\Illuminate\\Foundation\\PackageManifest.php(90): Illuminate\\Foundation\\PackageManifest->getManifest()
#3 C:\\Users\\kzyro\\OneDrive\\Documents\\GitHub\\Dental-Clinic-Appointment-System\\Dental Clinic Appointment System\\vendor\\laravel\\framework\\src\\Illuminate\\Foundation\\PackageManifest.php(79): Illuminate\\Foundation\\PackageManifest->config('aliases')
#4 C:\\Users\\kzyro\\OneDrive\\Documents\\GitHub\\Dental-Clinic-Appointment-System\\Dental Clinic Appointment System\\vendor\\laravel\\framework\\src\\Illuminate\\Foundation\\Bootstrap\\RegisterFacades.php(26): Illuminate\\Foundation\\PackageManifest->aliases()
#5 C:\\Users\\kzyro\\OneDrive\\Documents\\GitHub\\Dental-Clinic-Appointment-System\\Dental Clinic Appointment System\\vendor\\laravel\\framework\\src\\Illuminate\\Foundation\\Application.php(316): Illuminate\\Foundation\\Bootstrap\\RegisterFacades->bootstrap(Object(Illuminate\\Foundation\\Application))
#6 C:\\Users\\kzyro\\OneDrive\\Documents\\GitHub\\Dental-Clinic-Appointment-System\\Dental Clinic Appointment System\\vendor\\laravel\\framework\\src\\Illuminate\\Foundation\\Console\\Kernel.php(473): Illuminate\\Foundation\\Application->bootstrapWith(Array)
#7 C:\\Users\\kzyro\\OneDrive\\Documents\\GitHub\\Dental-Clinic-Appointment-System\\Dental Clinic Appointment System\\vendor\\laravel\\framework\\src\\Illuminate\\Foundation\\Console\\Kernel.php(195): Illuminate\\Foundation\\Console\\Kernel->bootstrap()
#8 C:\\Users\\kzyro\\OneDrive\\Documents\\GitHub\\Dental-Clinic-Appointment-System\\Dental Clinic Appointment System\\vendor\\laravel\\framework\\src\\Illuminate\\Foundation\\Application.php(1203): Illuminate\\Foundation\\Console\\Kernel->handle(Object(Symfony\\Component\\Console\\Input\\ArgvInput), Object(Symfony\\Component\\Console\\Output\\ConsoleOutput))
#9 C:\\Users\\kzyro\\OneDrive\\Documents\\GitHub\\Dental-Clinic-Appointment-System\\Dental Clinic Appointment System\\artisan(13): Illuminate\\Foundation\\Application->handleCommand(Object(Symfony\\Component\\Console\\Input\\ArgvInput))
#10 {main}
"} 
[2024-12-14 10:50:33] production.ERROR: The C:\Users\kzyro\OneDrive\Documents\GitHub\Dental-Clinic-Appointment-System\Dental Clinic Appointment System\bootstrap\cache directory must be present and writable. {"exception":"[object] (Exception(code: 0): The C:\\Users\\kzyro\\OneDrive\\Documents\\GitHub\\Dental-Clinic-Appointment-System\\Dental Clinic Appointment System\\bootstrap\\cache directory must be present and writable. at C:\\Users\\kzyro\\OneDrive\\Documents\\GitHub\\Dental-Clinic-Appointment-System\\Dental Clinic Appointment System\\vendor\\laravel\\framework\\src\\Illuminate\\Foundation\\PackageManifest.php:178)
[stacktrace]
#0 C:\\Users\\kzyro\\OneDrive\\Documents\\GitHub\\Dental-Clinic-Appointment-System\\Dental Clinic Appointment System\\vendor\\laravel\\framework\\src\\Illuminate\\Foundation\\PackageManifest.php(131): Illuminate\\Foundation\\PackageManifest->write(Array)
#1 C:\\Users\\kzyro\\OneDrive\\Documents\\GitHub\\Dental-Clinic-Appointment-System\\Dental Clinic Appointment System\\vendor\\laravel\\framework\\src\\Illuminate\\Foundation\\PackageManifest.php(107): Illuminate\\Foundation\\PackageManifest->build()
#2 C:\\Users\\kzyro\\OneDrive\\Documents\\GitHub\\Dental-Clinic-Appointment-System\\Dental Clinic Appointment System\\vendor\\laravel\\framework\\src\\Illuminate\\Foundation\\PackageManifest.php(90): Illuminate\\Foundation\\PackageManifest->getManifest()
#3 C:\\Users\\kzyro\\OneDrive\\Documents\\GitHub\\Dental-Clinic-Appointment-System\\Dental Clinic Appointment System\\vendor\\laravel\\framework\\src\\Illuminate\\Foundation\\PackageManifest.php(79): Illuminate\\Foundation\\PackageManifest->config('aliases')
#4 C:\\Users\\kzyro\\OneDrive\\Documents\\GitHub\\Dental-Clinic-Appointment-System\\Dental Clinic Appointment System\\vendor\\laravel\\framework\\src\\Illuminate\\Foundation\\Bootstrap\\RegisterFacades.php(26): Illuminate\\Foundation\\PackageManifest->aliases()
#5 C:\\Users\\kzyro\\OneDrive\\Documents\\GitHub\\Dental-Clinic-Appointment-System\\Dental Clinic Appointment System\\vendor\\laravel\\framework\\src\\Illuminate\\Foundation\\Application.php(316): Illuminate\\Foundation\\Bootstrap\\RegisterFacades->bootstrap(Object(Illuminate\\Foundation\\Application))
#6 C:\\Users\\kzyro\\OneDrive\\Documents\\GitHub\\Dental-Clinic-Appointment-System\\Dental Clinic Appointment System\\vendor\\laravel\\framework\\src\\Illuminate\\Foundation\\Console\\Kernel.php(473): Illuminate\\Foundation\\Application->bootstrapWith(Array)
#7 C:\\Users\\kzyro\\OneDrive\\Documents\\GitHub\\Dental-Clinic-Appointment-System\\Dental Clinic Appointment System\\vendor\\laravel\\framework\\src\\Illuminate\\Foundation\\Console\\Kernel.php(195): Illuminate\\Foundation\\Console\\Kernel->bootstrap()
#8 C:\\Users\\kzyro\\OneDrive\\Documents\\GitHub\\Dental-Clinic-Appointment-System\\Dental Clinic Appointment System\\vendor\\laravel\\framework\\src\\Illuminate\\Foundation\\Application.php(1203): Illuminate\\Foundation\\Console\\Kernel->handle(Object(Symfony\\Component\\Console\\Input\\ArgvInput), Object(Symfony\\Component\\Console\\Output\\ConsoleOutput))
#9 C:\\Users\\kzyro\\OneDrive\\Documents\\GitHub\\Dental-Clinic-Appointment-System\\Dental Clinic Appointment System\\artisan(13): Illuminate\\Foundation\\Application->handleCommand(Object(Symfony\\Component\\Console\\Input\\ArgvInput))
#10 {main}
"} 
[2024-12-14 10:50:39] production.ERROR: The C:\Users\kzyro\OneDrive\Documents\GitHub\Dental-Clinic-Appointment-System\Dental Clinic Appointment System\bootstrap\cache directory must be present and writable. {"exception":"[object] (Exception(code: 0): The C:\\Users\\kzyro\\OneDrive\\Documents\\GitHub\\Dental-Clinic-Appointment-System\\Dental Clinic Appointment System\\bootstrap\\cache directory must be present and writable. at C:\\Users\\kzyro\\OneDrive\\Documents\\GitHub\\Dental-Clinic-Appointment-System\\Dental Clinic Appointment System\\vendor\\laravel\\framework\\src\\Illuminate\\Foundation\\PackageManifest.php:178)
[stacktrace]
#0 C:\\Users\\kzyro\\OneDrive\\Documents\\GitHub\\Dental-Clinic-Appointment-System\\Dental Clinic Appointment System\\vendor\\laravel\\framework\\src\\Illuminate\\Foundation\\PackageManifest.php(131): Illuminate\\Foundation\\PackageManifest->write(Array)
#1 C:\\Users\\kzyro\\OneDrive\\Documents\\GitHub\\Dental-Clinic-Appointment-System\\Dental Clinic Appointment System\\vendor\\laravel\\framework\\src\\Illuminate\\Foundation\\PackageManifest.php(107): Illuminate\\Foundation\\PackageManifest->build()
#2 C:\\Users\\kzyro\\OneDrive\\Documents\\GitHub\\Dental-Clinic-Appointment-System\\Dental Clinic Appointment System\\vendor\\laravel\\framework\\src\\Illuminate\\Foundation\\PackageManifest.php(90): Illuminate\\Foundation\\PackageManifest->getManifest()
#3 C:\\Users\\kzyro\\OneDrive\\Documents\\GitHub\\Dental-Clinic-Appointment-System\\Dental Clinic Appointment System\\vendor\\laravel\\framework\\src\\Illuminate\\Foundation\\PackageManifest.php(79): Illuminate\\Foundation\\PackageManifest->config('aliases')
#4 C:\\Users\\kzyro\\OneDrive\\Documents\\GitHub\\Dental-Clinic-Appointment-System\\Dental Clinic Appointment System\\vendor\\laravel\\framework\\src\\Illuminate\\Foundation\\Bootstrap\\RegisterFacades.php(26): Illuminate\\Foundation\\PackageManifest->aliases()
#5 C:\\Users\\kzyro\\OneDrive\\Documents\\GitHub\\Dental-Clinic-Appointment-System\\Dental Clinic Appointment System\\vendor\\laravel\\framework\\src\\Illuminate\\Foundation\\Application.php(316): Illuminate\\Foundation\\Bootstrap\\RegisterFacades->bootstrap(Object(Illuminate\\Foundation\\Application))
#6 C:\\Users\\kzyro\\OneDrive\\Documents\\GitHub\\Dental-Clinic-Appointment-System\\Dental Clinic Appointment System\\vendor\\laravel\\framework\\src\\Illuminate\\Foundation\\Console\\Kernel.php(473): Illuminate\\Foundation\\Application->bootstrapWith(Array)
#7 C:\\Users\\kzyro\\OneDrive\\Documents\\GitHub\\Dental-Clinic-Appointment-System\\Dental Clinic Appointment System\\vendor\\laravel\\framework\\src\\Illuminate\\Foundation\\Console\\Kernel.php(195): Illuminate\\Foundation\\Console\\Kernel->bootstrap()
#8 C:\\Users\\kzyro\\OneDrive\\Documents\\GitHub\\Dental-Clinic-Appointment-System\\Dental Clinic Appointment System\\vendor\\laravel\\framework\\src\\Illuminate\\Foundation\\Application.php(1203): Illuminate\\Foundation\\Console\\Kernel->handle(Object(Symfony\\Component\\Console\\Input\\ArgvInput), Object(Symfony\\Component\\Console\\Output\\ConsoleOutput))
#9 C:\\Users\\kzyro\\OneDrive\\Documents\\GitHub\\Dental-Clinic-Appointment-System\\Dental Clinic Appointment System\\artisan(13): Illuminate\\Foundation\\Application->handleCommand(Object(Symfony\\Component\\Console\\Input\\ArgvInput))
#10 {main}
"} 
[2024-12-14 10:55:20] production.ERROR: The C:\Users\kzyro\OneDrive\Documents\GitHub\Dental-Clinic-Appointment-System\Dental Clinic Appointment System\bootstrap\cache directory must be present and writable. {"exception":"[object] (Exception(code: 0): The C:\\Users\\kzyro\\OneDrive\\Documents\\GitHub\\Dental-Clinic-Appointment-System\\Dental Clinic Appointment System\\bootstrap\\cache directory must be present and writable. at C:\\Users\\kzyro\\OneDrive\\Documents\\GitHub\\Dental-Clinic-Appointment-System\\Dental Clinic Appointment System\\vendor\\laravel\\framework\\src\\Illuminate\\Foundation\\PackageManifest.php:178)
[stacktrace]
#0 C:\\Users\\kzyro\\OneDrive\\Documents\\GitHub\\Dental-Clinic-Appointment-System\\Dental Clinic Appointment System\\vendor\\laravel\\framework\\src\\Illuminate\\Foundation\\PackageManifest.php(131): Illuminate\\Foundation\\PackageManifest->write(Array)
#1 C:\\Users\\kzyro\\OneDrive\\Documents\\GitHub\\Dental-Clinic-Appointment-System\\Dental Clinic Appointment System\\vendor\\laravel\\framework\\src\\Illuminate\\Foundation\\PackageManifest.php(107): Illuminate\\Foundation\\PackageManifest->build()
#2 C:\\Users\\kzyro\\OneDrive\\Documents\\GitHub\\Dental-Clinic-Appointment-System\\Dental Clinic Appointment System\\vendor\\laravel\\framework\\src\\Illuminate\\Foundation\\PackageManifest.php(90): Illuminate\\Foundation\\PackageManifest->getManifest()
#3 C:\\Users\\kzyro\\OneDrive\\Documents\\GitHub\\Dental-Clinic-Appointment-System\\Dental Clinic Appointment System\\vendor\\laravel\\framework\\src\\Illuminate\\Foundation\\PackageManifest.php(79): Illuminate\\Foundation\\PackageManifest->config('aliases')
#4 C:\\Users\\kzyro\\OneDrive\\Documents\\GitHub\\Dental-Clinic-Appointment-System\\Dental Clinic Appointment System\\vendor\\laravel\\framework\\src\\Illuminate\\Foundation\\Bootstrap\\RegisterFacades.php(26): Illuminate\\Foundation\\PackageManifest->aliases()
#5 C:\\Users\\kzyro\\OneDrive\\Documents\\GitHub\\Dental-Clinic-Appointment-System\\Dental Clinic Appointment System\\vendor\\laravel\\framework\\src\\Illuminate\\Foundation\\Application.php(316): Illuminate\\Foundation\\Bootstrap\\RegisterFacades->bootstrap(Object(Illuminate\\Foundation\\Application))
#6 C:\\Users\\kzyro\\OneDrive\\Documents\\GitHub\\Dental-Clinic-Appointment-System\\Dental Clinic Appointment System\\vendor\\laravel\\framework\\src\\Illuminate\\Foundation\\Console\\Kernel.php(473): Illuminate\\Foundation\\Application->bootstrapWith(Array)
#7 C:\\Users\\kzyro\\OneDrive\\Documents\\GitHub\\Dental-Clinic-Appointment-System\\Dental Clinic Appointment System\\vendor\\laravel\\framework\\src\\Illuminate\\Foundation\\Console\\Kernel.php(195): Illuminate\\Foundation\\Console\\Kernel->bootstrap()
#8 C:\\Users\\kzyro\\OneDrive\\Documents\\GitHub\\Dental-Clinic-Appointment-System\\Dental Clinic Appointment System\\vendor\\laravel\\framework\\src\\Illuminate\\Foundation\\Application.php(1203): Illuminate\\Foundation\\Console\\Kernel->handle(Object(Symfony\\Component\\Console\\Input\\ArgvInput), Object(Symfony\\Component\\Console\\Output\\ConsoleOutput))
#9 C:\\Users\\kzyro\\OneDrive\\Documents\\GitHub\\Dental-Clinic-Appointment-System\\Dental Clinic Appointment System\\artisan(13): Illuminate\\Foundation\\Application->handleCommand(Object(Symfony\\Component\\Console\\Input\\ArgvInput))
#10 {main}
"} 
[2024-12-14 10:55:20] production.ERROR: The C:\Users\kzyro\OneDrive\Documents\GitHub\Dental-Clinic-Appointment-System\Dental Clinic Appointment System\bootstrap\cache directory must be present and writable. {"exception":"[object] (Exception(code: 0): The C:\\Users\\kzyro\\OneDrive\\Documents\\GitHub\\Dental-Clinic-Appointment-System\\Dental Clinic Appointment System\\bootstrap\\cache directory must be present and writable. at C:\\Users\\kzyro\\OneDrive\\Documents\\GitHub\\Dental-Clinic-Appointment-System\\Dental Clinic Appointment System\\vendor\\laravel\\framework\\src\\Illuminate\\Foundation\\PackageManifest.php:178)
[stacktrace]
#0 C:\\Users\\kzyro\\OneDrive\\Documents\\GitHub\\Dental-Clinic-Appointment-System\\Dental Clinic Appointment System\\vendor\\laravel\\framework\\src\\Illuminate\\Foundation\\PackageManifest.php(131): Illuminate\\Foundation\\PackageManifest->write(Array)
#1 C:\\Users\\kzyro\\OneDrive\\Documents\\GitHub\\Dental-Clinic-Appointment-System\\Dental Clinic Appointment System\\vendor\\laravel\\framework\\src\\Illuminate\\Foundation\\PackageManifest.php(107): Illuminate\\Foundation\\PackageManifest->build()
#2 C:\\Users\\kzyro\\OneDrive\\Documents\\GitHub\\Dental-Clinic-Appointment-System\\Dental Clinic Appointment System\\vendor\\laravel\\framework\\src\\Illuminate\\Foundation\\PackageManifest.php(90): Illuminate\\Foundation\\PackageManifest->getManifest()
#3 C:\\Users\\kzyro\\OneDrive\\Documents\\GitHub\\Dental-Clinic-Appointment-System\\Dental Clinic Appointment System\\vendor\\laravel\\framework\\src\\Illuminate\\Foundation\\PackageManifest.php(79): Illuminate\\Foundation\\PackageManifest->config('aliases')
#4 C:\\Users\\kzyro\\OneDrive\\Documents\\GitHub\\Dental-Clinic-Appointment-System\\Dental Clinic Appointment System\\vendor\\laravel\\framework\\src\\Illuminate\\Foundation\\Bootstrap\\RegisterFacades.php(26): Illuminate\\Foundation\\PackageManifest->aliases()
#5 C:\\Users\\kzyro\\OneDrive\\Documents\\GitHub\\Dental-Clinic-Appointment-System\\Dental Clinic Appointment System\\vendor\\laravel\\framework\\src\\Illuminate\\Foundation\\Application.php(316): Illuminate\\Foundation\\Bootstrap\\RegisterFacades->bootstrap(Object(Illuminate\\Foundation\\Application))
#6 C:\\Users\\kzyro\\OneDrive\\Documents\\GitHub\\Dental-Clinic-Appointment-System\\Dental Clinic Appointment System\\vendor\\laravel\\framework\\src\\Illuminate\\Foundation\\Console\\Kernel.php(473): Illuminate\\Foundation\\Application->bootstrapWith(Array)
#7 C:\\Users\\kzyro\\OneDrive\\Documents\\GitHub\\Dental-Clinic-Appointment-System\\Dental Clinic Appointment System\\vendor\\laravel\\framework\\src\\Illuminate\\Foundation\\Console\\Kernel.php(195): Illuminate\\Foundation\\Console\\Kernel->bootstrap()
#8 C:\\Users\\kzyro\\OneDrive\\Documents\\GitHub\\Dental-Clinic-Appointment-System\\Dental Clinic Appointment System\\vendor\\laravel\\framework\\src\\Illuminate\\Foundation\\Application.php(1203): Illuminate\\Foundation\\Console\\Kernel->handle(Object(Symfony\\Component\\Console\\Input\\ArgvInput), Object(Symfony\\Component\\Console\\Output\\ConsoleOutput))
#9 C:\\Users\\kzyro\\OneDrive\\Documents\\GitHub\\Dental-Clinic-Appointment-System\\Dental Clinic Appointment System\\artisan(13): Illuminate\\Foundation\\Application->handleCommand(Object(Symfony\\Component\\Console\\Input\\ArgvInput))
#10 {main}
"} 
[2024-12-14 10:55:20] production.ERROR: The C:\Users\kzyro\OneDrive\Documents\GitHub\Dental-Clinic-Appointment-System\Dental Clinic Appointment System\bootstrap\cache directory must be present and writable. {"exception":"[object] (Exception(code: 0): The C:\\Users\\kzyro\\OneDrive\\Documents\\GitHub\\Dental-Clinic-Appointment-System\\Dental Clinic Appointment System\\bootstrap\\cache directory must be present and writable. at C:\\Users\\kzyro\\OneDrive\\Documents\\GitHub\\Dental-Clinic-Appointment-System\\Dental Clinic Appointment System\\vendor\\laravel\\framework\\src\\Illuminate\\Foundation\\PackageManifest.php:178)
[stacktrace]
#0 C:\\Users\\kzyro\\OneDrive\\Documents\\GitHub\\Dental-Clinic-Appointment-System\\Dental Clinic Appointment System\\vendor\\laravel\\framework\\src\\Illuminate\\Foundation\\PackageManifest.php(131): Illuminate\\Foundation\\PackageManifest->write(Array)
#1 C:\\Users\\kzyro\\OneDrive\\Documents\\GitHub\\Dental-Clinic-Appointment-System\\Dental Clinic Appointment System\\vendor\\laravel\\framework\\src\\Illuminate\\Foundation\\PackageManifest.php(107): Illuminate\\Foundation\\PackageManifest->build()
#2 C:\\Users\\kzyro\\OneDrive\\Documents\\GitHub\\Dental-Clinic-Appointment-System\\Dental Clinic Appointment System\\vendor\\laravel\\framework\\src\\Illuminate\\Foundation\\PackageManifest.php(90): Illuminate\\Foundation\\PackageManifest->getManifest()
#3 C:\\Users\\kzyro\\OneDrive\\Documents\\GitHub\\Dental-Clinic-Appointment-System\\Dental Clinic Appointment System\\vendor\\laravel\\framework\\src\\Illuminate\\Foundation\\PackageManifest.php(79): Illuminate\\Foundation\\PackageManifest->config('aliases')
#4 C:\\Users\\kzyro\\OneDrive\\Documents\\GitHub\\Dental-Clinic-Appointment-System\\Dental Clinic Appointment System\\vendor\\laravel\\framework\\src\\Illuminate\\Foundation\\Bootstrap\\RegisterFacades.php(26): Illuminate\\Foundation\\PackageManifest->aliases()
#5 C:\\Users\\kzyro\\OneDrive\\Documents\\GitHub\\Dental-Clinic-Appointment-System\\Dental Clinic Appointment System\\vendor\\laravel\\framework\\src\\Illuminate\\Foundation\\Application.php(316): Illuminate\\Foundation\\Bootstrap\\RegisterFacades->bootstrap(Object(Illuminate\\Foundation\\Application))
#6 C:\\Users\\kzyro\\OneDrive\\Documents\\GitHub\\Dental-Clinic-Appointment-System\\Dental Clinic Appointment System\\vendor\\laravel\\framework\\src\\Illuminate\\Foundation\\Console\\Kernel.php(473): Illuminate\\Foundation\\Application->bootstrapWith(Array)
#7 C:\\Users\\kzyro\\OneDrive\\Documents\\GitHub\\Dental-Clinic-Appointment-System\\Dental Clinic Appointment System\\vendor\\laravel\\framework\\src\\Illuminate\\Foundation\\Console\\Kernel.php(195): Illuminate\\Foundation\\Console\\Kernel->bootstrap()
#8 C:\\Users\\kzyro\\OneDrive\\Documents\\GitHub\\Dental-Clinic-Appointment-System\\Dental Clinic Appointment System\\vendor\\laravel\\framework\\src\\Illuminate\\Foundation\\Application.php(1203): Illuminate\\Foundation\\Console\\Kernel->handle(Object(Symfony\\Component\\Console\\Input\\ArgvInput), Object(Symfony\\Component\\Console\\Output\\ConsoleOutput))
#9 C:\\Users\\kzyro\\OneDrive\\Documents\\GitHub\\Dental-Clinic-Appointment-System\\Dental Clinic Appointment System\\artisan(13): Illuminate\\Foundation\\Application->handleCommand(Object(Symfony\\Component\\Console\\Input\\ArgvInput))
#10 {main}
"} 
[2024-12-14 10:55:36] production.ERROR: The C:\Users\kzyro\OneDrive\Documents\GitHub\Dental-Clinic-Appointment-System\Dental Clinic Appointment System\bootstrap\cache directory must be present and writable. {"exception":"[object] (Exception(code: 0): The C:\\Users\\kzyro\\OneDrive\\Documents\\GitHub\\Dental-Clinic-Appointment-System\\Dental Clinic Appointment System\\bootstrap\\cache directory must be present and writable. at C:\\Users\\kzyro\\OneDrive\\Documents\\GitHub\\Dental-Clinic-Appointment-System\\Dental Clinic Appointment System\\vendor\\laravel\\framework\\src\\Illuminate\\Foundation\\PackageManifest.php:178)
[stacktrace]
#0 C:\\Users\\kzyro\\OneDrive\\Documents\\GitHub\\Dental-Clinic-Appointment-System\\Dental Clinic Appointment System\\vendor\\laravel\\framework\\src\\Illuminate\\Foundation\\PackageManifest.php(131): Illuminate\\Foundation\\PackageManifest->write(Array)
#1 C:\\Users\\kzyro\\OneDrive\\Documents\\GitHub\\Dental-Clinic-Appointment-System\\Dental Clinic Appointment System\\vendor\\laravel\\framework\\src\\Illuminate\\Foundation\\PackageManifest.php(107): Illuminate\\Foundation\\PackageManifest->build()
#2 C:\\Users\\kzyro\\OneDrive\\Documents\\GitHub\\Dental-Clinic-Appointment-System\\Dental Clinic Appointment System\\vendor\\laravel\\framework\\src\\Illuminate\\Foundation\\PackageManifest.php(90): Illuminate\\Foundation\\PackageManifest->getManifest()
#3 C:\\Users\\kzyro\\OneDrive\\Documents\\GitHub\\Dental-Clinic-Appointment-System\\Dental Clinic Appointment System\\vendor\\laravel\\framework\\src\\Illuminate\\Foundation\\PackageManifest.php(79): Illuminate\\Foundation\\PackageManifest->config('aliases')
#4 C:\\Users\\kzyro\\OneDrive\\Documents\\GitHub\\Dental-Clinic-Appointment-System\\Dental Clinic Appointment System\\vendor\\laravel\\framework\\src\\Illuminate\\Foundation\\Bootstrap\\RegisterFacades.php(26): Illuminate\\Foundation\\PackageManifest->aliases()
#5 C:\\Users\\kzyro\\OneDrive\\Documents\\GitHub\\Dental-Clinic-Appointment-System\\Dental Clinic Appointment System\\vendor\\laravel\\framework\\src\\Illuminate\\Foundation\\Application.php(316): Illuminate\\Foundation\\Bootstrap\\RegisterFacades->bootstrap(Object(Illuminate\\Foundation\\Application))
#6 C:\\Users\\kzyro\\OneDrive\\Documents\\GitHub\\Dental-Clinic-Appointment-System\\Dental Clinic Appointment System\\vendor\\laravel\\framework\\src\\Illuminate\\Foundation\\Console\\Kernel.php(473): Illuminate\\Foundation\\Application->bootstrapWith(Array)
#7 C:\\Users\\kzyro\\OneDrive\\Documents\\GitHub\\Dental-Clinic-Appointment-System\\Dental Clinic Appointment System\\vendor\\laravel\\framework\\src\\Illuminate\\Foundation\\Console\\Kernel.php(195): Illuminate\\Foundation\\Console\\Kernel->bootstrap()
#8 C:\\Users\\kzyro\\OneDrive\\Documents\\GitHub\\Dental-Clinic-Appointment-System\\Dental Clinic Appointment System\\vendor\\laravel\\framework\\src\\Illuminate\\Foundation\\Application.php(1203): Illuminate\\Foundation\\Console\\Kernel->handle(Object(Symfony\\Component\\Console\\Input\\ArgvInput), Object(Symfony\\Component\\Console\\Output\\ConsoleOutput))
#9 C:\\Users\\kzyro\\OneDrive\\Documents\\GitHub\\Dental-Clinic-Appointment-System\\Dental Clinic Appointment System\\artisan(13): Illuminate\\Foundation\\Application->handleCommand(Object(Symfony\\Component\\Console\\Input\\ArgvInput))
#10 {main}
"} 
[2024-12-14 12:22:18] production.ERROR: The C:\Users\kzyro\OneDrive\Documents\GitHub\Dental-Clinic-Appointment-System\Dental Clinic Appointment System\bootstrap\cache directory must be present and writable. {"exception":"[object] (Exception(code: 0): The C:\\Users\\kzyro\\OneDrive\\Documents\\GitHub\\Dental-Clinic-Appointment-System\\Dental Clinic Appointment System\\bootstrap\\cache directory must be present and writable. at C:\\Users\\kzyro\\OneDrive\\Documents\\GitHub\\Dental-Clinic-Appointment-System\\Dental Clinic Appointment System\\vendor\\laravel\\framework\\src\\Illuminate\\Foundation\\PackageManifest.php:178)
[stacktrace]
#0 C:\\Users\\kzyro\\OneDrive\\Documents\\GitHub\\Dental-Clinic-Appointment-System\\Dental Clinic Appointment System\\vendor\\laravel\\framework\\src\\Illuminate\\Foundation\\PackageManifest.php(131): Illuminate\\Foundation\\PackageManifest->write(Array)
#1 C:\\Users\\kzyro\\OneDrive\\Documents\\GitHub\\Dental-Clinic-Appointment-System\\Dental Clinic Appointment System\\vendor\\laravel\\framework\\src\\Illuminate\\Foundation\\PackageManifest.php(107): Illuminate\\Foundation\\PackageManifest->build()
#2 C:\\Users\\kzyro\\OneDrive\\Documents\\GitHub\\Dental-Clinic-Appointment-System\\Dental Clinic Appointment System\\vendor\\laravel\\framework\\src\\Illuminate\\Foundation\\PackageManifest.php(90): Illuminate\\Foundation\\PackageManifest->getManifest()
#3 C:\\Users\\kzyro\\OneDrive\\Documents\\GitHub\\Dental-Clinic-Appointment-System\\Dental Clinic Appointment System\\vendor\\laravel\\framework\\src\\Illuminate\\Foundation\\PackageManifest.php(79): Illuminate\\Foundation\\PackageManifest->config('aliases')
#4 C:\\Users\\kzyro\\OneDrive\\Documents\\GitHub\\Dental-Clinic-Appointment-System\\Dental Clinic Appointment System\\vendor\\laravel\\framework\\src\\Illuminate\\Foundation\\Bootstrap\\RegisterFacades.php(26): Illuminate\\Foundation\\PackageManifest->aliases()
#5 C:\\Users\\kzyro\\OneDrive\\Documents\\GitHub\\Dental-Clinic-Appointment-System\\Dental Clinic Appointment System\\vendor\\laravel\\framework\\src\\Illuminate\\Foundation\\Application.php(316): Illuminate\\Foundation\\Bootstrap\\RegisterFacades->bootstrap(Object(Illuminate\\Foundation\\Application))
#6 C:\\Users\\kzyro\\OneDrive\\Documents\\GitHub\\Dental-Clinic-Appointment-System\\Dental Clinic Appointment System\\vendor\\laravel\\framework\\src\\Illuminate\\Foundation\\Console\\Kernel.php(473): Illuminate\\Foundation\\Application->bootstrapWith(Array)
#7 C:\\Users\\kzyro\\OneDrive\\Documents\\GitHub\\Dental-Clinic-Appointment-System\\Dental Clinic Appointment System\\vendor\\laravel\\framework\\src\\Illuminate\\Foundation\\Console\\Kernel.php(195): Illuminate\\Foundation\\Console\\Kernel->bootstrap()
#8 C:\\Users\\kzyro\\OneDrive\\Documents\\GitHub\\Dental-Clinic-Appointment-System\\Dental Clinic Appointment System\\vendor\\laravel\\framework\\src\\Illuminate\\Foundation\\Application.php(1203): Illuminate\\Foundation\\Console\\Kernel->handle(Object(Symfony\\Component\\Console\\Input\\ArgvInput), Object(Symfony\\Component\\Console\\Output\\ConsoleOutput))
#9 C:\\Users\\kzyro\\OneDrive\\Documents\\GitHub\\Dental-Clinic-Appointment-System\\Dental Clinic Appointment System\\artisan(13): Illuminate\\Foundation\\Application->handleCommand(Object(Symfony\\Component\\Console\\Input\\ArgvInput))
#10 {main}
"} 
[2024-12-14 12:23:43] production.ERROR: The C:\Users\kzyro\OneDrive\Documents\GitHub\Dental-Clinic-Appointment-System\Dental Clinic Appointment System\bootstrap\cache directory must be present and writable. {"exception":"[object] (Exception(code: 0): The C:\\Users\\kzyro\\OneDrive\\Documents\\GitHub\\Dental-Clinic-Appointment-System\\Dental Clinic Appointment System\\bootstrap\\cache directory must be present and writable. at C:\\Users\\kzyro\\OneDrive\\Documents\\GitHub\\Dental-Clinic-Appointment-System\\Dental Clinic Appointment System\\vendor\\laravel\\framework\\src\\Illuminate\\Foundation\\PackageManifest.php:178)
[stacktrace]
#0 C:\\Users\\kzyro\\OneDrive\\Documents\\GitHub\\Dental-Clinic-Appointment-System\\Dental Clinic Appointment System\\vendor\\laravel\\framework\\src\\Illuminate\\Foundation\\PackageManifest.php(131): Illuminate\\Foundation\\PackageManifest->write(Array)
#1 C:\\Users\\kzyro\\OneDrive\\Documents\\GitHub\\Dental-Clinic-Appointment-System\\Dental Clinic Appointment System\\vendor\\laravel\\framework\\src\\Illuminate\\Foundation\\PackageManifest.php(107): Illuminate\\Foundation\\PackageManifest->build()
#2 C:\\Users\\kzyro\\OneDrive\\Documents\\GitHub\\Dental-Clinic-Appointment-System\\Dental Clinic Appointment System\\vendor\\laravel\\framework\\src\\Illuminate\\Foundation\\PackageManifest.php(90): Illuminate\\Foundation\\PackageManifest->getManifest()
#3 C:\\Users\\kzyro\\OneDrive\\Documents\\GitHub\\Dental-Clinic-Appointment-System\\Dental Clinic Appointment System\\vendor\\laravel\\framework\\src\\Illuminate\\Foundation\\PackageManifest.php(79): Illuminate\\Foundation\\PackageManifest->config('aliases')
#4 C:\\Users\\kzyro\\OneDrive\\Documents\\GitHub\\Dental-Clinic-Appointment-System\\Dental Clinic Appointment System\\vendor\\laravel\\framework\\src\\Illuminate\\Foundation\\Bootstrap\\RegisterFacades.php(26): Illuminate\\Foundation\\PackageManifest->aliases()
#5 C:\\Users\\kzyro\\OneDrive\\Documents\\GitHub\\Dental-Clinic-Appointment-System\\Dental Clinic Appointment System\\vendor\\laravel\\framework\\src\\Illuminate\\Foundation\\Application.php(316): Illuminate\\Foundation\\Bootstrap\\RegisterFacades->bootstrap(Object(Illuminate\\Foundation\\Application))
#6 C:\\Users\\kzyro\\OneDrive\\Documents\\GitHub\\Dental-Clinic-Appointment-System\\Dental Clinic Appointment System\\vendor\\laravel\\framework\\src\\Illuminate\\Foundation\\Console\\Kernel.php(473): Illuminate\\Foundation\\Application->bootstrapWith(Array)
#7 C:\\Users\\kzyro\\OneDrive\\Documents\\GitHub\\Dental-Clinic-Appointment-System\\Dental Clinic Appointment System\\vendor\\laravel\\framework\\src\\Illuminate\\Foundation\\Console\\Kernel.php(195): Illuminate\\Foundation\\Console\\Kernel->bootstrap()
#8 C:\\Users\\kzyro\\OneDrive\\Documents\\GitHub\\Dental-Clinic-Appointment-System\\Dental Clinic Appointment System\\vendor\\laravel\\framework\\src\\Illuminate\\Foundation\\Application.php(1203): Illuminate\\Foundation\\Console\\Kernel->handle(Object(Symfony\\Component\\Console\\Input\\ArgvInput), Object(Symfony\\Component\\Console\\Output\\ConsoleOutput))
#9 C:\\Users\\kzyro\\OneDrive\\Documents\\GitHub\\Dental-Clinic-Appointment-System\\Dental Clinic Appointment System\\artisan(13): Illuminate\\Foundation\\Application->handleCommand(Object(Symfony\\Component\\Console\\Input\\ArgvInput))
#10 {main}
"} 
[2024-12-14 12:24:59] production.ERROR: The C:\Users\kzyro\OneDrive\Documents\GitHub\Dental-Clinic-Appointment-System\Dental Clinic Appointment System\bootstrap\cache directory must be present and writable. {"exception":"[object] (Exception(code: 0): The C:\\Users\\kzyro\\OneDrive\\Documents\\GitHub\\Dental-Clinic-Appointment-System\\Dental Clinic Appointment System\\bootstrap\\cache directory must be present and writable. at C:\\Users\\kzyro\\OneDrive\\Documents\\GitHub\\Dental-Clinic-Appointment-System\\Dental Clinic Appointment System\\vendor\\laravel\\framework\\src\\Illuminate\\Foundation\\PackageManifest.php:178)
[stacktrace]
#0 C:\\Users\\kzyro\\OneDrive\\Documents\\GitHub\\Dental-Clinic-Appointment-System\\Dental Clinic Appointment System\\vendor\\laravel\\framework\\src\\Illuminate\\Foundation\\PackageManifest.php(131): Illuminate\\Foundation\\PackageManifest->write(Array)
#1 C:\\Users\\kzyro\\OneDrive\\Documents\\GitHub\\Dental-Clinic-Appointment-System\\Dental Clinic Appointment System\\vendor\\laravel\\framework\\src\\Illuminate\\Foundation\\PackageManifest.php(107): Illuminate\\Foundation\\PackageManifest->build()
#2 C:\\Users\\kzyro\\OneDrive\\Documents\\GitHub\\Dental-Clinic-Appointment-System\\Dental Clinic Appointment System\\vendor\\laravel\\framework\\src\\Illuminate\\Foundation\\PackageManifest.php(90): Illuminate\\Foundation\\PackageManifest->getManifest()
#3 C:\\Users\\kzyro\\OneDrive\\Documents\\GitHub\\Dental-Clinic-Appointment-System\\Dental Clinic Appointment System\\vendor\\laravel\\framework\\src\\Illuminate\\Foundation\\PackageManifest.php(79): Illuminate\\Foundation\\PackageManifest->config('aliases')
#4 C:\\Users\\kzyro\\OneDrive\\Documents\\GitHub\\Dental-Clinic-Appointment-System\\Dental Clinic Appointment System\\vendor\\laravel\\framework\\src\\Illuminate\\Foundation\\Bootstrap\\RegisterFacades.php(26): Illuminate\\Foundation\\PackageManifest->aliases()
#5 C:\\Users\\kzyro\\OneDrive\\Documents\\GitHub\\Dental-Clinic-Appointment-System\\Dental Clinic Appointment System\\vendor\\laravel\\framework\\src\\Illuminate\\Foundation\\Application.php(316): Illuminate\\Foundation\\Bootstrap\\RegisterFacades->bootstrap(Object(Illuminate\\Foundation\\Application))
#6 C:\\Users\\kzyro\\OneDrive\\Documents\\GitHub\\Dental-Clinic-Appointment-System\\Dental Clinic Appointment System\\vendor\\laravel\\framework\\src\\Illuminate\\Foundation\\Console\\Kernel.php(473): Illuminate\\Foundation\\Application->bootstrapWith(Array)
#7 C:\\Users\\kzyro\\OneDrive\\Documents\\GitHub\\Dental-Clinic-Appointment-System\\Dental Clinic Appointment System\\vendor\\laravel\\framework\\src\\Illuminate\\Foundation\\Console\\Kernel.php(195): Illuminate\\Foundation\\Console\\Kernel->bootstrap()
#8 C:\\Users\\kzyro\\OneDrive\\Documents\\GitHub\\Dental-Clinic-Appointment-System\\Dental Clinic Appointment System\\vendor\\laravel\\framework\\src\\Illuminate\\Foundation\\Application.php(1203): Illuminate\\Foundation\\Console\\Kernel->handle(Object(Symfony\\Component\\Console\\Input\\ArgvInput), Object(Symfony\\Component\\Console\\Output\\ConsoleOutput))
#9 C:\\Users\\kzyro\\OneDrive\\Documents\\GitHub\\Dental-Clinic-Appointment-System\\Dental Clinic Appointment System\\artisan(13): Illuminate\\Foundation\\Application->handleCommand(Object(Symfony\\Component\\Console\\Input\\ArgvInput))
#10 {main}
"} 
